<?xml version="1.0" encoding="UTF-8"?>
<!-- Generated by org.testng.reporters.JUnitReportReporter -->
<testsuite hostname="k8s-workernode" failures="0" tests="1" name="testCases.TC_001" time="11.178" errors="0" timestamp="2024-01-25T10:58:28 IST" skipped="0">
  <testcase classname="testCases.TC_001" name="logiTest" time="11.178"/>
</testsuite> <!-- testCases.TC_001 -->
